Reading bin_1's annotations from:
	/home-3/karoraw1@jhu.edu/scratch/metaWRAP_Out/Mystic_Bin_Fxns/bin_funct_annotations/bin_1.gff
	3433 annotations detected
Reading bin_10's annotations from:
	/home-3/karoraw1@jhu.edu/scratch/metaWRAP_Out/Mystic_Bin_Fxns/bin_funct_annotations/bin_10.gff
	4352 annotations detected
Reading bin_11's annotations from:
	/home-3/karoraw1@jhu.edu/scratch/metaWRAP_Out/Mystic_Bin_Fxns/bin_funct_annotations/bin_11.gff
	1137 annotations detected
Reading bin_12's annotations from:
	/home-3/karoraw1@jhu.edu/scratch/metaWRAP_Out/Mystic_Bin_Fxns/bin_funct_annotations/bin_12.gff
	2492 annotations detected
Reading bin_13's annotations from:
	/home-3/karoraw1@jhu.edu/scratch/metaWRAP_Out/Mystic_Bin_Fxns/bin_funct_annotations/bin_13.gff
	1893 annotations detected
Reading bin_14's annotations from:
	/home-3/karoraw1@jhu.edu/scratch/metaWRAP_Out/Mystic_Bin_Fxns/bin_funct_annotations/bin_14.gff
	2232 annotations detected
Reading bin_15's annotations from:
	/home-3/karoraw1@jhu.edu/scratch/metaWRAP_Out/Mystic_Bin_Fxns/bin_funct_annotations/bin_15.gff
	3360 annotations detected
Reading bin_16's annotations from:
	/home-3/karoraw1@jhu.edu/scratch/metaWRAP_Out/Mystic_Bin_Fxns/bin_funct_annotations/bin_16.gff
	3837 annotations detected
Reading bin_17's annotations from:
	/home-3/karoraw1@jhu.edu/scratch/metaWRAP_Out/Mystic_Bin_Fxns/bin_funct_annotations/bin_17.gff
	6701 annotations detected
Reading bin_18's annotations from:
	/home-3/karoraw1@jhu.edu/scratch/metaWRAP_Out/Mystic_Bin_Fxns/bin_funct_annotations/bin_18.gff
	5417 annotations detected
Reading bin_19's annotations from:
	/home-3/karoraw1@jhu.edu/scratch/metaWRAP_Out/Mystic_Bin_Fxns/bin_funct_annotations/bin_19.gff
	1498 annotations detected
Reading bin_2's annotations from:
	/home-3/karoraw1@jhu.edu/scratch/metaWRAP_Out/Mystic_Bin_Fxns/bin_funct_annotations/bin_2.gff
	4278 annotations detected
Reading bin_20's annotations from:
	/home-3/karoraw1@jhu.edu/scratch/metaWRAP_Out/Mystic_Bin_Fxns/bin_funct_annotations/bin_20.gff
	2928 annotations detected
Reading bin_21's annotations from:
	/home-3/karoraw1@jhu.edu/scratch/metaWRAP_Out/Mystic_Bin_Fxns/bin_funct_annotations/bin_21.gff
	1227 annotations detected
Reading bin_22's annotations from:
	/home-3/karoraw1@jhu.edu/scratch/metaWRAP_Out/Mystic_Bin_Fxns/bin_funct_annotations/bin_22.gff
	4738 annotations detected
Reading bin_23's annotations from:
	/home-3/karoraw1@jhu.edu/scratch/metaWRAP_Out/Mystic_Bin_Fxns/bin_funct_annotations/bin_23.gff
	1710 annotations detected
Reading bin_24's annotations from:
	/home-3/karoraw1@jhu.edu/scratch/metaWRAP_Out/Mystic_Bin_Fxns/bin_funct_annotations/bin_24.gff
	2289 annotations detected
Reading bin_25's annotations from:
	/home-3/karoraw1@jhu.edu/scratch/metaWRAP_Out/Mystic_Bin_Fxns/bin_funct_annotations/bin_25.gff
	4002 annotations detected
Reading bin_26's annotations from:
	/home-3/karoraw1@jhu.edu/scratch/metaWRAP_Out/Mystic_Bin_Fxns/bin_funct_annotations/bin_26.gff
	4233 annotations detected
Reading bin_27's annotations from:
	/home-3/karoraw1@jhu.edu/scratch/metaWRAP_Out/Mystic_Bin_Fxns/bin_funct_annotations/bin_27.gff
	2245 annotations detected
Reading bin_28's annotations from:
	/home-3/karoraw1@jhu.edu/scratch/metaWRAP_Out/Mystic_Bin_Fxns/bin_funct_annotations/bin_28.gff
	8295 annotations detected
Reading bin_29's annotations from:
	/home-3/karoraw1@jhu.edu/scratch/metaWRAP_Out/Mystic_Bin_Fxns/bin_funct_annotations/bin_29.gff
	2409 annotations detected
Reading bin_3's annotations from:
	/home-3/karoraw1@jhu.edu/scratch/metaWRAP_Out/Mystic_Bin_Fxns/bin_funct_annotations/bin_3.gff
	3898 annotations detected
Reading bin_30's annotations from:
	/home-3/karoraw1@jhu.edu/scratch/metaWRAP_Out/Mystic_Bin_Fxns/bin_funct_annotations/bin_30.gff
	2056 annotations detected
Reading bin_31's annotations from:
	/home-3/karoraw1@jhu.edu/scratch/metaWRAP_Out/Mystic_Bin_Fxns/bin_funct_annotations/bin_31.gff
	3436 annotations detected
Reading bin_32's annotations from:
	/home-3/karoraw1@jhu.edu/scratch/metaWRAP_Out/Mystic_Bin_Fxns/bin_funct_annotations/bin_32.gff
	2408 annotations detected
Reading bin_33's annotations from:
	/home-3/karoraw1@jhu.edu/scratch/metaWRAP_Out/Mystic_Bin_Fxns/bin_funct_annotations/bin_33.gff
	1862 annotations detected
Reading bin_34's annotations from:
	/home-3/karoraw1@jhu.edu/scratch/metaWRAP_Out/Mystic_Bin_Fxns/bin_funct_annotations/bin_34.gff
	5616 annotations detected
Reading bin_35's annotations from:
	/home-3/karoraw1@jhu.edu/scratch/metaWRAP_Out/Mystic_Bin_Fxns/bin_funct_annotations/bin_35.gff
	1398 annotations detected
Reading bin_36's annotations from:
	/home-3/karoraw1@jhu.edu/scratch/metaWRAP_Out/Mystic_Bin_Fxns/bin_funct_annotations/bin_36.gff
	2259 annotations detected
Reading bin_37's annotations from:
	/home-3/karoraw1@jhu.edu/scratch/metaWRAP_Out/Mystic_Bin_Fxns/bin_funct_annotations/bin_37.gff
	4037 annotations detected
Reading bin_38's annotations from:
	/home-3/karoraw1@jhu.edu/scratch/metaWRAP_Out/Mystic_Bin_Fxns/bin_funct_annotations/bin_38.gff
	4168 annotations detected
Reading bin_39's annotations from:
	/home-3/karoraw1@jhu.edu/scratch/metaWRAP_Out/Mystic_Bin_Fxns/bin_funct_annotations/bin_39.gff
	4214 annotations detected
Reading bin_4's annotations from:
	/home-3/karoraw1@jhu.edu/scratch/metaWRAP_Out/Mystic_Bin_Fxns/bin_funct_annotations/bin_4.gff
	3161 annotations detected
Reading bin_40's annotations from:
	/home-3/karoraw1@jhu.edu/scratch/metaWRAP_Out/Mystic_Bin_Fxns/bin_funct_annotations/bin_40.gff
	3126 annotations detected
Reading bin_41's annotations from:
	/home-3/karoraw1@jhu.edu/scratch/metaWRAP_Out/Mystic_Bin_Fxns/bin_funct_annotations/bin_41.gff
	1953 annotations detected
Reading bin_42's annotations from:
	/home-3/karoraw1@jhu.edu/scratch/metaWRAP_Out/Mystic_Bin_Fxns/bin_funct_annotations/bin_42.gff
	3367 annotations detected
Reading bin_43's annotations from:
	/home-3/karoraw1@jhu.edu/scratch/metaWRAP_Out/Mystic_Bin_Fxns/bin_funct_annotations/bin_43.gff
	827 annotations detected
Reading bin_44's annotations from:
	/home-3/karoraw1@jhu.edu/scratch/metaWRAP_Out/Mystic_Bin_Fxns/bin_funct_annotations/bin_44.gff
	2070 annotations detected
Reading bin_45's annotations from:
	/home-3/karoraw1@jhu.edu/scratch/metaWRAP_Out/Mystic_Bin_Fxns/bin_funct_annotations/bin_45.gff
	1036 annotations detected
Reading bin_46's annotations from:
	/home-3/karoraw1@jhu.edu/scratch/metaWRAP_Out/Mystic_Bin_Fxns/bin_funct_annotations/bin_46.gff
	1960 annotations detected
Reading bin_47's annotations from:
	/home-3/karoraw1@jhu.edu/scratch/metaWRAP_Out/Mystic_Bin_Fxns/bin_funct_annotations/bin_47.gff
	2866 annotations detected
Reading bin_48's annotations from:
	/home-3/karoraw1@jhu.edu/scratch/metaWRAP_Out/Mystic_Bin_Fxns/bin_funct_annotations/bin_48.gff
	2282 annotations detected
Reading bin_49's annotations from:
	/home-3/karoraw1@jhu.edu/scratch/metaWRAP_Out/Mystic_Bin_Fxns/bin_funct_annotations/bin_49.gff
	917 annotations detected
Reading bin_5's annotations from:
	/home-3/karoraw1@jhu.edu/scratch/metaWRAP_Out/Mystic_Bin_Fxns/bin_funct_annotations/bin_5.gff
	3356 annotations detected
Reading bin_50's annotations from:
	/home-3/karoraw1@jhu.edu/scratch/metaWRAP_Out/Mystic_Bin_Fxns/bin_funct_annotations/bin_50.gff
	1291 annotations detected
Reading bin_51's annotations from:
	/home-3/karoraw1@jhu.edu/scratch/metaWRAP_Out/Mystic_Bin_Fxns/bin_funct_annotations/bin_51.gff
	1246 annotations detected
Reading bin_52's annotations from:
	/home-3/karoraw1@jhu.edu/scratch/metaWRAP_Out/Mystic_Bin_Fxns/bin_funct_annotations/bin_52.gff
	4880 annotations detected
Reading bin_53's annotations from:
	/home-3/karoraw1@jhu.edu/scratch/metaWRAP_Out/Mystic_Bin_Fxns/bin_funct_annotations/bin_53.gff
	913 annotations detected
Reading bin_54's annotations from:
	/home-3/karoraw1@jhu.edu/scratch/metaWRAP_Out/Mystic_Bin_Fxns/bin_funct_annotations/bin_54.gff
	1127 annotations detected
Reading bin_55's annotations from:
	/home-3/karoraw1@jhu.edu/scratch/metaWRAP_Out/Mystic_Bin_Fxns/bin_funct_annotations/bin_55.gff
	5346 annotations detected
Reading bin_56's annotations from:
	/home-3/karoraw1@jhu.edu/scratch/metaWRAP_Out/Mystic_Bin_Fxns/bin_funct_annotations/bin_56.gff
	3164 annotations detected
Reading bin_57's annotations from:
	/home-3/karoraw1@jhu.edu/scratch/metaWRAP_Out/Mystic_Bin_Fxns/bin_funct_annotations/bin_57.gff
	5410 annotations detected
Reading bin_58's annotations from:
	/home-3/karoraw1@jhu.edu/scratch/metaWRAP_Out/Mystic_Bin_Fxns/bin_funct_annotations/bin_58.gff
	2219 annotations detected
Reading bin_59's annotations from:
	/home-3/karoraw1@jhu.edu/scratch/metaWRAP_Out/Mystic_Bin_Fxns/bin_funct_annotations/bin_59.gff
	2521 annotations detected
Reading bin_6's annotations from:
	/home-3/karoraw1@jhu.edu/scratch/metaWRAP_Out/Mystic_Bin_Fxns/bin_funct_annotations/bin_6.gff
	1380 annotations detected
Reading bin_60's annotations from:
	/home-3/karoraw1@jhu.edu/scratch/metaWRAP_Out/Mystic_Bin_Fxns/bin_funct_annotations/bin_60.gff
	1979 annotations detected
Reading bin_61's annotations from:
	/home-3/karoraw1@jhu.edu/scratch/metaWRAP_Out/Mystic_Bin_Fxns/bin_funct_annotations/bin_61.gff
	3311 annotations detected
Reading bin_62's annotations from:
	/home-3/karoraw1@jhu.edu/scratch/metaWRAP_Out/Mystic_Bin_Fxns/bin_funct_annotations/bin_62.gff
	3383 annotations detected
Reading bin_63's annotations from:
	/home-3/karoraw1@jhu.edu/scratch/metaWRAP_Out/Mystic_Bin_Fxns/bin_funct_annotations/bin_63.gff
	2370 annotations detected
Reading bin_64's annotations from:
	/home-3/karoraw1@jhu.edu/scratch/metaWRAP_Out/Mystic_Bin_Fxns/bin_funct_annotations/bin_64.gff
	3949 annotations detected
Reading bin_65's annotations from:
	/home-3/karoraw1@jhu.edu/scratch/metaWRAP_Out/Mystic_Bin_Fxns/bin_funct_annotations/bin_65.gff
	1255 annotations detected
Reading bin_66's annotations from:
	/home-3/karoraw1@jhu.edu/scratch/metaWRAP_Out/Mystic_Bin_Fxns/bin_funct_annotations/bin_66.gff
	1703 annotations detected
Reading bin_67's annotations from:
	/home-3/karoraw1@jhu.edu/scratch/metaWRAP_Out/Mystic_Bin_Fxns/bin_funct_annotations/bin_67.gff
	2202 annotations detected
Reading bin_68's annotations from:
	/home-3/karoraw1@jhu.edu/scratch/metaWRAP_Out/Mystic_Bin_Fxns/bin_funct_annotations/bin_68.gff
	1896 annotations detected
Reading bin_69's annotations from:
	/home-3/karoraw1@jhu.edu/scratch/metaWRAP_Out/Mystic_Bin_Fxns/bin_funct_annotations/bin_69.gff
	1998 annotations detected
Reading bin_7's annotations from:
	/home-3/karoraw1@jhu.edu/scratch/metaWRAP_Out/Mystic_Bin_Fxns/bin_funct_annotations/bin_7.gff
	1780 annotations detected
Reading bin_70's annotations from:
	/home-3/karoraw1@jhu.edu/scratch/metaWRAP_Out/Mystic_Bin_Fxns/bin_funct_annotations/bin_70.gff
	3189 annotations detected
Reading bin_71's annotations from:
	/home-3/karoraw1@jhu.edu/scratch/metaWRAP_Out/Mystic_Bin_Fxns/bin_funct_annotations/bin_71.gff
	1336 annotations detected
Reading bin_72's annotations from:
	/home-3/karoraw1@jhu.edu/scratch/metaWRAP_Out/Mystic_Bin_Fxns/bin_funct_annotations/bin_72.gff
	1997 annotations detected
Reading bin_73's annotations from:
	/home-3/karoraw1@jhu.edu/scratch/metaWRAP_Out/Mystic_Bin_Fxns/bin_funct_annotations/bin_73.gff
	3521 annotations detected
Reading bin_74's annotations from:
	/home-3/karoraw1@jhu.edu/scratch/metaWRAP_Out/Mystic_Bin_Fxns/bin_funct_annotations/bin_74.gff
	3742 annotations detected
Reading bin_75's annotations from:
	/home-3/karoraw1@jhu.edu/scratch/metaWRAP_Out/Mystic_Bin_Fxns/bin_funct_annotations/bin_75.gff
	1549 annotations detected
Reading bin_76's annotations from:
	/home-3/karoraw1@jhu.edu/scratch/metaWRAP_Out/Mystic_Bin_Fxns/bin_funct_annotations/bin_76.gff
	3796 annotations detected
Reading bin_77's annotations from:
	/home-3/karoraw1@jhu.edu/scratch/metaWRAP_Out/Mystic_Bin_Fxns/bin_funct_annotations/bin_77.gff
	3945 annotations detected
Reading bin_78's annotations from:
	/home-3/karoraw1@jhu.edu/scratch/metaWRAP_Out/Mystic_Bin_Fxns/bin_funct_annotations/bin_78.gff
	4162 annotations detected
Reading bin_79's annotations from:
	/home-3/karoraw1@jhu.edu/scratch/metaWRAP_Out/Mystic_Bin_Fxns/bin_funct_annotations/bin_79.gff
	2532 annotations detected
Reading bin_8's annotations from:
	/home-3/karoraw1@jhu.edu/scratch/metaWRAP_Out/Mystic_Bin_Fxns/bin_funct_annotations/bin_8.gff
	2223 annotations detected
Reading bin_80's annotations from:
	/home-3/karoraw1@jhu.edu/scratch/metaWRAP_Out/Mystic_Bin_Fxns/bin_funct_annotations/bin_80.gff
	2676 annotations detected
Reading bin_81's annotations from:
	/home-3/karoraw1@jhu.edu/scratch/metaWRAP_Out/Mystic_Bin_Fxns/bin_funct_annotations/bin_81.gff
	2534 annotations detected
Reading bin_82's annotations from:
	/home-3/karoraw1@jhu.edu/scratch/metaWRAP_Out/Mystic_Bin_Fxns/bin_funct_annotations/bin_82.gff
	996 annotations detected
Reading bin_83's annotations from:
	/home-3/karoraw1@jhu.edu/scratch/metaWRAP_Out/Mystic_Bin_Fxns/bin_funct_annotations/bin_83.gff
	1776 annotations detected
Reading bin_84's annotations from:
	/home-3/karoraw1@jhu.edu/scratch/metaWRAP_Out/Mystic_Bin_Fxns/bin_funct_annotations/bin_84.gff
	743 annotations detected
Reading bin_85's annotations from:
	/home-3/karoraw1@jhu.edu/scratch/metaWRAP_Out/Mystic_Bin_Fxns/bin_funct_annotations/bin_85.gff
	4021 annotations detected
Reading bin_86's annotations from:
	/home-3/karoraw1@jhu.edu/scratch/metaWRAP_Out/Mystic_Bin_Fxns/bin_funct_annotations/bin_86.gff
	1632 annotations detected
Reading bin_87's annotations from:
	/home-3/karoraw1@jhu.edu/scratch/metaWRAP_Out/Mystic_Bin_Fxns/bin_funct_annotations/bin_87.gff
	1029 annotations detected
Reading bin_9's annotations from:
	/home-3/karoraw1@jhu.edu/scratch/metaWRAP_Out/Mystic_Bin_Fxns/bin_funct_annotations/bin_9.gff
	3038 annotations detected
Reading unbinned's annotations from:
	/home-3/karoraw1@jhu.edu/scratch/metaWRAP_Out/Mystic_Bin_Fxns/bin_funct_annotations/unbinned.gff
	450070 annotations detected
369
Bin                                                    unbinned
ProteinID                                        IJDLJFPM_07302
Annotation                                               K17225
Start                                                       127
End                                                        1512
Contig                      NODE_10358_length_7997_cov_5.157139
Sequence                                                   None
Insert_Len                                                 None
FASTA         /home-3/karoraw1@jhu.edu/scratch/metaWRAP_Out/...
Name: 369, dtype: object
Pulling sequences for bin_1
	 Min seq length is 498
Pulling sequences for bin_10
	 Min seq length is 399
Pulling sequences for bin_11
	 Min seq length is 337
Pulling sequences for bin_12
	 Min seq length is 462
Pulling sequences for bin_13
	 Min seq length is 357
Pulling sequences for bin_14
	 Min seq length is 690
Pulling sequences for bin_15
	 Min seq length is 408
Pulling sequences for bin_16
	 Min seq length is 474
Pulling sequences for bin_17
	 Min seq length is 354
Pulling sequences for bin_18
	 Min seq length is 351
Pulling sequences for bin_19
	 Min seq length is 594
Pulling sequences for bin_2
	 Min seq length is 372
Pulling sequences for bin_20
	 Min seq length is 438
Pulling sequences for bin_21
	 Min seq length is 438
Pulling sequences for bin_22
	 Min seq length is 337
Pulling sequences for bin_23
	 Min seq length is 1677
Pulling sequences for bin_24
	 Min seq length is 411
Pulling sequences for bin_25
	 Min seq length is 387
Pulling sequences for bin_26
	 Min seq length is 426
Pulling sequences for bin_27
	 Min seq length is 396
Pulling sequences for bin_28
	 Min seq length is 372
Pulling sequences for bin_29
	 Min seq length is 501
Pulling sequences for bin_3
	 Min seq length is 376
Pulling sequences for bin_30
	 Min seq length is 414
Pulling sequences for bin_31
	 Min seq length is 582
Pulling sequences for bin_32
	 Min seq length is 459
Pulling sequences for bin_33
	 Min seq length is 411
Pulling sequences for bin_34
	 Min seq length is 399
Pulling sequences for bin_35
	 Min seq length is 465
Pulling sequences for bin_36
	 Min seq length is 633
Pulling sequences for bin_37
	 Min seq length is 340
Pulling sequences for bin_38
	 Min seq length is 352
Pulling sequences for bin_39
	 Min seq length is 408
Pulling sequences for bin_4
	 Min seq length is 405
Pulling sequences for bin_40
	 Min seq length is 420
Pulling sequences for bin_41
	 Min seq length is 388
Pulling sequences for bin_42
	 Min seq length is 379
Pulling sequences for bin_43
	 Min seq length is 304
Pulling sequences for bin_44
	 Min seq length is 441
Pulling sequences for bin_45
	 Min seq length is 876
Pulling sequences for bin_46
	 Min seq length is 411
Pulling sequences for bin_47
	 Min seq length is 645
Pulling sequences for bin_48
	 Min seq length is 417
Pulling sequences for bin_49
	 Min seq length is 423
Pulling sequences for bin_5
	 Min seq length is 369
Pulling sequences for bin_50
	 Min seq length is 414
Pulling sequences for bin_51
	 Min seq length is 438
Pulling sequences for bin_52
	 Min seq length is 1269
Pulling sequences for bin_53
	 Min seq length is 420
Pulling sequences for bin_54
	 Min seq length is 894
Pulling sequences for bin_55
	 Min seq length is 363
Pulling sequences for bin_56
	 Min seq length is 405
Pulling sequences for bin_57
	 Min seq length is 412
Pulling sequences for bin_58
	 Min seq length is 381
Pulling sequences for bin_59
	 Min seq length is 411
Pulling sequences for bin_6
	 Min seq length is 456
Pulling sequences for bin_60
	 Min seq length is 411
Pulling sequences for bin_61
	 Min seq length is 405
Pulling sequences for bin_62
	 Min seq length is 390
Pulling sequences for bin_63
	 Min seq length is 477
Pulling sequences for bin_64
	 Min seq length is 325
Pulling sequences for bin_65
	 Min seq length is 819
Pulling sequences for bin_66
	 Min seq length is 405
Pulling sequences for bin_67
	 Min seq length is 606
Pulling sequences for bin_68
	 Min seq length is 394
Pulling sequences for bin_69
	 Min seq length is 408
Pulling sequences for bin_7
	 Min seq length is 774
Pulling sequences for bin_70
	 Min seq length is 408
Pulling sequences for bin_71
	 Min seq length is 603
Pulling sequences for bin_72
	 Min seq length is 397
Pulling sequences for bin_73
	 Min seq length is 399
Pulling sequences for bin_74
	 Min seq length is 418
Pulling sequences for bin_75
	 Min seq length is 453
Pulling sequences for bin_76
	 Min seq length is 381
Pulling sequences for bin_77
	 Min seq length is 384
Pulling sequences for bin_78
	 Min seq length is 450
Pulling sequences for bin_79
	 Min seq length is 343
Pulling sequences for bin_8
	 Min seq length is 387
Pulling sequences for bin_80
	 Min seq length is 394
Pulling sequences for bin_81
	 Min seq length is 480
Pulling sequences for bin_82
	 Min seq length is 975
Pulling sequences for bin_83
	 Min seq length is 402
Pulling sequences for bin_84
	 Min seq length is 1338
Pulling sequences for bin_85
	 Min seq length is 363
Pulling sequences for bin_86
	 Min seq length is 390
Pulling sequences for bin_87
	 Min seq length is 408
Pulling sequences for bin_9
	 Min seq length is 576
Pulling sequences for unbinned
	 Min seq length is 292
0 sequences were not found
